{"target": 0.0, "params": {"dist": 9.506396084646333, "f_thresh": 5.160973480326474, "f_window": 15.01429685216811, "step": 27.674942947387983, "window": 58.15653161244939}, "datetime": {"datetime": "2022-08-01 14:15:37", "elapsed": 0.0, "delta": 0.0}}
{"target": 0.0, "params": {"dist": 3.6620947058383604, "f_thresh": 3.558780634133013, "f_window": 58.19509088038097, "step": 34.757560567300246, "window": 160.0923508408728}, "datetime": {"datetime": "2022-08-01 14:15:37", "elapsed": 0.247944, "delta": 0.247944}}
{"target": 0.0, "params": {"dist": 9.545501259259307, "f_thresh": 5.055658501190278, "f_window": 40.55653121643968, "step": 70.8588077293209, "window": 27.120774231460803}, "datetime": {"datetime": "2022-08-01 14:15:37", "elapsed": 0.331366, "delta": 0.083422}}
{"target": 0.0, "params": {"dist": 14.06841518321124, "f_thresh": 4.251914407101381, "f_window": 84.83622855571896, "step": 15.529020394642533, "window": 71.50638716206848}, "datetime": {"datetime": "2022-08-01 14:15:37", "elapsed": 0.528636, "delta": 0.19727}}
{"target": 0.0, "params": {"dist": 16.413402236159662, "f_thresh": 5.904784727158193, "f_window": 54.178022269905355, "step": 56.92419617519855, "window": 247.86117959696995}, "datetime": {"datetime": "2022-08-01 14:15:37", "elapsed": 0.604404, "delta": 0.075768}}
{"target": 0.0, "params": {"dist": 15.536378911137387, "f_thresh": 5.254641028552604, "f_window": 139.7766969442015, "step": 38.71705734601356, "window": 278.0771690634762}, "datetime": {"datetime": "2022-08-01 14:15:38", "elapsed": 0.717453, "delta": 0.113049}}
{"target": 0.0, "params": {"dist": 6.403775155171918, "f_thresh": 5.026662592869775, "f_window": 139.2613579935857, "step": 40.752802943616594, "window": 279.7247261958106}, "datetime": {"datetime": "2022-08-01 14:15:38", "elapsed": 1.215666, "delta": 0.498213}}
{"target": 0.0, "params": {"dist": 7.030833322649298, "f_thresh": 3.4734031229154283, "f_window": 137.43024759912873, "step": 7.803473269669974, "window": 20.77385923572158}, "datetime": {"datetime": "2022-08-01 14:15:38", "elapsed": 1.246592, "delta": 0.030926}}
{"target": 0.0, "params": {"dist": 3.477303667648181, "f_thresh": 3.688956074485216, "f_window": 18.155403340223657, "step": 78.1713703857437, "window": 278.0391824363256}, "datetime": {"datetime": "2022-08-01 14:15:38", "elapsed": 1.277643, "delta": 0.031051}}
{"target": 0.0, "params": {"dist": 19.055352952191395, "f_thresh": 3.750373741465731, "f_window": 139.1174761368859, "step": 8.128641464712807, "window": 22.026491596598753}, "datetime": {"datetime": "2022-08-01 14:15:38", "elapsed": 1.307199, "delta": 0.029556}}
{"target": 0.0, "params": {"dist": 17.318739958696842, "f_thresh": 4.80955248813954, "f_window": 16.107695096969326, "step": 10.76736816914563, "window": 279.41852999739604}, "datetime": {"datetime": "2022-08-01 14:15:38", "elapsed": 1.337016, "delta": 0.029817}}
{"target": 0.0, "params": {"dist": 10.725971727910336, "f_thresh": 3.6454962071234913, "f_window": 138.34270965045994, "step": 79.89630220181192, "window": 22.197094792139122}, "datetime": {"datetime": "2022-08-01 14:15:38", "elapsed": 1.367964, "delta": 0.030948}}
{"target": 0.0, "params": {"dist": 14.677597583217102, "f_thresh": 5.3642476739952825, "f_window": 15.107704954909124, "step": 6.577121070606838, "window": 277.84990329360335}, "datetime": {"datetime": "2022-08-01 14:15:38", "elapsed": 1.398413, "delta": 0.030449}}
{"target": 0.0, "params": {"dist": 9.834113427091346, "f_thresh": 4.517274180923678, "f_window": 19.397980307917297, "step": 9.481403113336599, "window": 20.236811364379925}, "datetime": {"datetime": "2022-08-01 14:15:38", "elapsed": 1.428369, "delta": 0.029956}}
{"target": 0.0, "params": {"dist": 8.606324778326343, "f_thresh": 4.315260518016309, "f_window": 137.9662270071944, "step": 6.414751281865972, "window": 279.73450526461585}, "datetime": {"datetime": "2022-08-01 14:15:38", "elapsed": 1.459054, "delta": 0.030685}}
{"target": 0.0, "params": {"dist": 11.24810119072195, "f_thresh": 3.946684889172863, "f_window": 16.41409210367169, "step": 76.23569157660916, "window": 22.221436246185057}, "datetime": {"datetime": "2022-08-01 14:15:38", "elapsed": 1.489393, "delta": 0.030339}}
